RSRPRPSRRPRRRRRPSSSSRPRRRPRRRPRR
RPRRRPRRPRRRRPRRPRRRPRSPPRRRRRPR
SSSSPRRRRPRRRSRPRRPRRPRRRPRRRRPR
PSRPRRPRPRPRPPRPRPRPPRRRRRRPRRRP
PRRPRRPPRPRSRPRPPRRPSPRPPPPPPRRP
RPRRPRRRPRRRRRRPRRPRRRRPRRPRSPRP
RPRSSSRPPPRSPRSSSRRPPRRSRPSPPRPS
SSPPSSPPPPRSPPPSPRPPSPSSSSPPSSPP
PSSPPSPSSPPPSSPSRPPRPPPSSPPSSSSP
PSSSSPSSSSSPSPSSSSRPSRPRRRRPSSSS
RSRPRPPSSRPRRPRRPRRRRRPRSRPRRPPS
RSPPRPPRPPRPSRPRRPRRRRPPSSPRPPRS
SSSSSSPSPSSPSSSSSSSSRSPRPSPSSSSS
RRRPPRSSRSPRPPRRPRRSRPPRPRSPRPRR
PRRRRPRRSSSSSRRPRPRRRRRPRPRRPRRR
SPPSPSSPSSSSPPRRPSPRSSRPPRSPSPSP
RPSSPSSSSPPPSSSSSSSPSSPRSSSSPRSS
SSSSRRRPSSSSRRPRRPRRRRRPSSSSSSSS
PPPPPPSPSPPPPPRPRPRPRPPPPPPPPPRS
SSPSPSSPPPPPPPSPPPPPPPSSSPPRPPPP
RRRPPRRRRRRPRRRPRPRSPRPSRPRRRRRP
RRRPRSPRSSRPPRSRRRPRPRSRRRPRPRRP
SSSSSSSSSRPRSSRPRPSSSSSSSSRPSSSS
SSPRPRSRPRSSPRSRSPSSSRPRSSSSSSSS
PPSPPPPPPPPPPPPPSPPPPPPPPSPPPPPR
RSRPPRSRSRPPSSPRRSRPRPPPRRRPPRRS
SPSSPRSRSSSSSSPRRRRPRSRPPPRSSSRP
RPRSSSPSSSSPSSPSPSPSPPSSSSPRSSSP
RPRRPRRRRRRPPRRRRRPRSPSSRRPRPRSS
PPRRPRSRPPRPPSRPRPSSRPSRSSPSRPPR
PRRPRPSPPRPPRRPPRSPRRRPRPPSRPPRP
SRPRSSPSSSSSSSSSSRPRSSSSSSPSSRPR
RPRPRPPRSRPRSPPRRRRPSRRPRSRPRRRP
PRRPPSSSRSPPSPPPPPSSSPPRSSPPPPPP
RPPRSPRPPRRPRPRRPRPRPRRRPRRRRPRR
SSPPPPPRPRRRRPPPPPPSPRRPPSPRPSPP
RPPRPRSRPRSSPRRRRPPRRPPPRRPRRRRP
RRPRRPSRRPSRSSSSRPSRSPSSPRRRRPRS
PRSSPRPRRRRPPPRPRPSRSRPRSSRPRRPR
PPRPRPPRPRRRRRRPRPSSRPRRPRRRRPRR
PRSRPPPSPPRRSSPRPRRSPPSRPRPSRPRS
SSSSSSSPRSPRSSRPRPPRRSPRSSSPSSPS
SSSPPPPPSPPSPRSSPSSSPPPPPSPRPPSS
RRRPRSRPRSRPRPRRRRPRPRSRSSSPSSSS
RRPRPRPSSRRPPRRRSRRPPSSSRPSSSRPR
PPSPPSSSPPSRSSSSSSPSRRRPSSSSSSRP
PRRSSRPRSSSSSSSSSSSSSSSSSRRPSRRP
RPRRPRSSRSRPPRSRRPRSRRRPSSSSRRPP
RPRRRPRRPPRPPPPPRRRPRSPRRPPRSPRP
