RPSRPSRPRRPRSSSSSSSSSSSSSSSSSRPR
RRRPPRRRRPRRSSPRRPRRPRRSRRPRPRRR
RPPRPRPRPRPRPRRPRPRRPRRRPPPPRPPS
RSRPRPRSRRPRSSPSPRSSSSRPRSPRRPRS
PPPPPPPRRPRPRSRPRSPPSPPPRRPPPPPP
PPSSSPSSSPSSPRPSSRPPSSSSSSSSPSSS
PRRRRRRPPRRRRRRPSSRPRRRPRRRPSRRP
RRPRRSPRSSSSPRRRPRSRRRPRRRRPRSRP
PRSSRSPRPPPSPRSSPSPPSRPPSSPRSSSS
RSPRPRPRRRPRPRSRRSPRSSSSRPRSPRRS
PPRPPPPPRPPPPPPRPSPPPPPPPPPSPPPP
RPRRRRRPSSRPRRPRRPRRRRPRPRRRPRRS
RPSSRRRPSSSSSSSSSSSSPRRSPRRSSSSS
RPSRPRRRSSPSSSSSPRSRRRRPRPRRSSSS
PRRRRPRRSRRPRPRRRPPRRRRPRRRPSSRP
SRRPRPRRRRPPPRPPRPPPPSPRRPRPPRRR
PRRSSSSSRPRRSSSSRRRPSSSSSSSSRPRR
RPRPSPSPPSPPSPPPPPSRPPPPPPPSPPPP
PRPSRPRPRPRRRPRRRPPPRRRPPPRPPPRP
RRRPPSRPPRRRRPRRPRRRRRPRPRRRRPRR
SSSSRPSRSRRPSRPRSPPSSSSPSSSSSSPS
RPPSSPPSSPPPRPSPPPRSPPPPPRPSRSPP
PSPPSSSSSSPSSSSPSSSSSSSSSPSPPRPS
PRSRRSRPRPRRRRPPRRRPPPSSPRRRPRRR
RPRSRRRPSSSSPRRRRRRPSSSSRPRRPSRP
PRSSSSPRSSPSSSPRSSSSSRRPSSSSSSPS
PRSSRPSRRPSSPRSRRPRRPRRSSPSSRPRR
RRRPSPPSSSSSSPPRSPPPSSPRPSSPSSSP
SRRPSPSSPRRSSSPRRPRRPPRSRPSRRSRP
RRRPRRRPRSPPRRPRRPRRRRPRPRPSRRRP
PRRSSSPSSSSSPPRPSSSSPSSSRPRSSPRP
PSRPSPPPPPRSPPPPSSPSRPSSPPPPPPSR
SSPSSSSSSSSSPPSRSPSSSPPRSSSSPRSS
PRRRRRPPPPPSRPSRRRRPRRRPRPSRRPPR
PSSSSSRPSSSSPSPRSSRPSSPSRRRPRPSS
RPRPPPPPPPPPPPPSPPPPPPRPPPPPSSPP
SPSPPSPPRPPRPPRPPRSPSPSSSPPPPPRP
PPPRRPRPPSRPPPPRPPPRPPRPPPPPPPRP
RSPRRSRPSSPRRSPRPRRRRRPRRPSRPRSP
PRPPPPSPRSPPPPPPPPPPPRSSPPPPPPPP
RPRRPSRPRPSRPRRRSSSSRPPRSSPRSSRP
PRRSRPSPRPRRRRRPPSPRRPRRRRPRRRRP
PRSRPSPSSSSPRRPPPRPRRSPRRPRPPPPR
SPSSSPPPSPSSPPPPPSPSSPPPPSPRSPPR
SSSPPSSSSSSSSPSSSSSSSPSSPSPSRSPP
RRPRSSPPPSPRPRPRRPRSRSPRPRSSRPSS
PPPPPPPPPSSSPPPPPSPPPPPPPRPPSSSP
PRPPPPPPRPPPPRPSRPPSPRRSSPPPPPPP
RPRRPRRRPRRRRPPRRPRSRPRRSSRPRPSR
PPPPSSRPPPPPPRPPPSPPPSSPPPPSPPPP
